<?xml version="1.0" encoding="UTF-8"?>
<testsuite xmlns:xsi="http://www.w3.org/2001/XMLSchema-instance" xsi:noNamespaceSchemaLocation="https://maven.apache.org/surefire/maven-surefire-plugin/xsd/surefire-test-report-3.0.xsd" version="3.0" name="com.example.democovert.DemoCovertApplicationTests" time="3.205" tests="1" errors="0" skipped="0" failures="0">
  <properties>
[...]
</properties>
  <testcase name="contextLoads" classname="com.example.democovert.DemoCovertApplicationTests" time="0.311">
    <system-out><![CDATA[17:04:35.348 [main] INFO org.springframework.test.context.support.AnnotationConfigContextLoaderUtils -- Could not detect default configuration classes for test class [com.example.democovert.DemoCovertApplicationTests]: DemoCovertApplicationTests does not declare any static, non-private, non-final, nested classes annotated with @Configuration.
17:04:35.390 [main] INFO org.springframework.boot.test.context.SpringBootTestContextBootstrapper -- Found @SpringBootConfiguration com.example.democovert.DemoCovertApplication for test class com.example.democovert.DemoCovertApplicationTests

  .   ____          _            __ _ _
 /\\ / ___'_ __ _ _(_)_ __  __ _ \ \ \ \
( ( )\___ | '_ | '_| | '_ \/ _` | \ \ \ \
 \\/  ___)| |_)| | | | | || (_| |  ) ) ) )
  '  |____| .__|_| |_|_| |_\__, | / / / /
 =========|_|==============|___/=/_/_/_/
 :: Spring Boot ::                (v3.1.0)

2023-06-20T17:04:35.545+02:00  INFO 18465 --- [           main] c.e.d.DemoCovertApplicationTests         : Starting DemoCovertApplicationTests using Java 19.0.2 with PID 18465 (started by alfred in /Users/alfred/Desktop/Projects/BDT/demoCovert)
2023-06-20T17:04:35.545+02:00  INFO 18465 --- [           main] c.e.d.DemoCovertApplicationTests         : No active profile set, falling back to 1 default profile: "default"
2023-06-20T17:04:35.755+02:00  INFO 18465 --- [           main] .s.d.r.c.RepositoryConfigurationDelegate : Bootstrapping Spring Data JPA repositories in DEFAULT mode.
2023-06-20T17:04:35.763+02:00  INFO 18465 --- [           main] .s.d.r.c.RepositoryConfigurationDelegate : Finished Spring Data repository scanning in 4 ms. Found 0 JPA repository interfaces.
2023-06-20T17:04:35.914+02:00  INFO 18465 --- [           main] o.hibernate.jpa.internal.util.LogHelper  : HHH000204: Processing PersistenceUnitInfo [name: default]
2023-06-20T17:04:35.937+02:00  INFO 18465 --- [           main] org.hibernate.Version                    : HHH000412: Hibernate ORM core version 6.2.2.Final
2023-06-20T17:04:35.938+02:00  INFO 18465 --- [           main] org.hibernate.cfg.Environment            : HHH000406: Using bytecode reflection optimizer
2023-06-20T17:04:36.005+02:00  INFO 18465 --- [           main] o.h.b.i.BytecodeProviderInitiator        : HHH000021: Bytecode provider name : bytebuddy
2023-06-20T17:04:36.053+02:00  INFO 18465 --- [           main] o.s.o.j.p.SpringPersistenceUnitInfo      : No LoadTimeWeaver setup: ignoring JPA class transformer
2023-06-20T17:04:36.059+02:00  INFO 18465 --- [           main] com.zaxxer.hikari.HikariDataSource       : HikariPool-1 - Starting...
2023-06-20T17:04:37.573+02:00  INFO 18465 --- [           main] com.zaxxer.hikari.pool.HikariPool        : HikariPool-1 - Added connection org.postgresql.jdbc.PgConnection@6b5c134e
2023-06-20T17:04:37.574+02:00  INFO 18465 --- [           main] com.zaxxer.hikari.HikariDataSource       : HikariPool-1 - Start completed.
2023-06-20T17:04:37.720+02:00  INFO 18465 --- [           main] org.hibernate.orm.dialect                : HHH035001: Using dialect: org.hibernate.dialect.PostgreSQLDialect, version: org.hibernate.engine.jdbc.env.internal.JdbcEnvironmentInitiator$DialectResolutionInfoImpl@65d9e72a
2023-06-20T17:04:37.890+02:00  INFO 18465 --- [           main] o.h.b.i.BytecodeProviderInitiator        : HHH000021: Bytecode provider name : bytebuddy
2023-06-20T17:04:37.969+02:00  INFO 18465 --- [           main] o.h.e.t.j.p.i.JtaPlatformInitiator       : HHH000490: Using JtaPlatform implementation: [org.hibernate.engine.transaction.jta.platform.internal.NoJtaPlatform]
2023-06-20T17:04:37.971+02:00  INFO 18465 --- [           main] j.LocalContainerEntityManagerFactoryBean : Initialized JPA EntityManagerFactory for persistence unit 'default'
2023-06-20T17:04:38.032+02:00  WARN 18465 --- [           main] JpaBaseConfiguration$JpaWebConfiguration : spring.jpa.open-in-view is enabled by default. Therefore, database queries may be performed during view rendering. Explicitly configure spring.jpa.open-in-view to disable this warning
2023-06-20T17:04:38.168+02:00  INFO 18465 --- [           main] c.e.d.DemoCovertApplicationTests         : Started DemoCovertApplicationTests in 2.728 seconds (process running for 3.09)
]]></system-out>
  </testcase>
</testsuite>